<?xml version="1.0" encoding="UTF-8"?>
<!-- Generated by org.testng.reporters.JUnitXMLReporter -->
<testsuite hostname="MacBook-Pro-3.attlocal.net" ignored="0" name="Default test" tests="4" failures="0" timestamp="30 Sep 2021 08:32:48 GMT" time="12.629" errors="0">
  <testcase name="Search" time="1.857" classname="webstaurantstoreassignment.WebstaurantStoreTest"/>
  <testcase name="ContainsTableInTitle" time="1.522" classname="webstaurantstoreassignment.WebstaurantStoreTest"/>
  <testcase name="AddLastItem" time="2.273" classname="webstaurantstoreassignment.WebstaurantStoreTest"/>
  <testcase name="EmptyCart" time="2.694" classname="webstaurantstoreassignment.WebstaurantStoreTest"/>
</testsuite> <!-- Default test -->
