<?xml version="1.0" encoding="UTF-8"?>
<testng-results skipped="0" failed="0" ignored="0" total="4" passed="4">
  <reporter-output>
  </reporter-output>
  <suite name="Default suite" duration-ms="12629" started-at="2021-09-30T08:32:35Z" finished-at="2021-09-30T08:32:48Z">
    <groups>
    </groups>
    <test name="Default test" duration-ms="12629" started-at="2021-09-30T08:32:35Z" finished-at="2021-09-30T08:32:48Z">
      <class name="webstaurantstoreassignment.WebstaurantStoreTest">
        <test-method status="PASS" signature="setup()[pri:0, instance:webstaurantstoreassignment.WebstaurantStoreTest@3e6fa38a]" name="setup" is-config="true" duration-ms="3924" started-at="2021-09-30T08:32:35Z" finished-at="2021-09-30T08:32:39Z">
          <reporter-output>
          </reporter-output>
        </test-method> <!-- setup -->
        <test-method status="PASS" signature="Search()[pri:1, instance:webstaurantstoreassignment.WebstaurantStoreTest@3e6fa38a]" name="Search" duration-ms="1857" started-at="2021-09-30T08:32:39Z" finished-at="2021-09-30T08:32:41Z">
          <reporter-output>
          </reporter-output>
        </test-method> <!-- Search -->
        <test-method status="PASS" signature="ContainsTableInTitle()[pri:2, instance:webstaurantstoreassignment.WebstaurantStoreTest@3e6fa38a]" name="ContainsTableInTitle" duration-ms="1522" started-at="2021-09-30T08:32:41Z" finished-at="2021-09-30T08:32:42Z">
          <reporter-output>
          </reporter-output>
        </test-method> <!-- ContainsTableInTitle -->
        <test-method status="PASS" signature="AddLastItem()[pri:3, instance:webstaurantstoreassignment.WebstaurantStoreTest@3e6fa38a]" name="AddLastItem" duration-ms="2273" started-at="2021-09-30T08:32:42Z" finished-at="2021-09-30T08:32:44Z">
          <reporter-output>
          </reporter-output>
        </test-method> <!-- AddLastItem -->
        <test-method status="PASS" signature="EmptyCart()[pri:4, instance:webstaurantstoreassignment.WebstaurantStoreTest@3e6fa38a]" name="EmptyCart" duration-ms="2694" started-at="2021-09-30T08:32:44Z" finished-at="2021-09-30T08:32:47Z">
          <reporter-output>
          </reporter-output>
        </test-method> <!-- EmptyCart -->
        <test-method status="PASS" signature="tearDown()[pri:0, instance:webstaurantstoreassignment.WebstaurantStoreTest@3e6fa38a]" name="tearDown" is-config="true" duration-ms="338" started-at="2021-09-30T08:32:47Z" finished-at="2021-09-30T08:32:48Z">
          <reporter-output>
          </reporter-output>
        </test-method> <!-- tearDown -->
      </class> <!-- webstaurantstoreassignment.WebstaurantStoreTest -->
    </test> <!-- Default test -->
  </suite> <!-- Default suite -->
</testng-results>
